<?xml version="1.0" encoding="UTF-8"?>
<!-- Generated by org.testng.reporters.JUnitReportReporter -->
<testsuite hostname="DESKTOP-DL3HD2M" failures="0" tests="3" name="Test.Day1" time="0.023" errors="0" timestamp="20 Jun 2018 00:04:25 GMT" skipped="0">
  <testcase classname="Test.Day1" name="Demo" time="0.006"/>
  <testcase classname="Test.Day1" name="Demo" time="0.010"/>
  <testcase classname="Test.Day1" name="Demo" time="0.007"/>
</testsuite> <!-- Test.Day1 -->
