<?xml version="1.0" encoding="UTF-8"?>
<!-- Generated by org.testng.reporters.JUnitReportReporter -->
<testsuite hostname="DESKTOP-DL3HD2M" failures="0" tests="2" name="Test.Day3" time="0.000" errors="0" timestamp="29 May 2018 17:42:20 GMT" skipped="0">
  <testcase classname="Test.Day3" name="weblogincarloan" time="0.000"/>
  <testcase classname="Test.Day3" name="mobilelogincarloan" time="0.000"/>
</testsuite> <!-- Test.Day3 -->
